@!@!@STARTMSG 2262:0 @!@!@
TLC2 Version 2.18 of Day Month 20?? (rev: 069738e)
@!@!@ENDMSG 2262 @!@!@
@!@!@STARTMSG 2187:0 @!@!@
Running breadth-first search Model-Checking with fp 9 and seed 5583251042641967753 with 1 worker on 12 cores with 3292MB heap and 64MB offheap memory [pid: 58792] (Linux 6.1.80-1-MANJARO amd64, N/A 21.0.2 x86_64, MSBDiskFPSet, DiskStateQueue).
@!@!@ENDMSG 2187 @!@!@
@!@!@STARTMSG 2220:0 @!@!@
Starting SANY...
@!@!@ENDMSG 2220 @!@!@
Parsing file /home/me/Documents/Magistras/master/gen_spec/tla/TypeMC.tla
Parsing file /home/me/Documents/Magistras/master/gen_spec/tla/Type.tla
Parsing file /tmp/tlc-13409028676667380544/TLC.tla (jar:file:/home/me/.vscode-oss/extensions/alygin.vscode-tlaplus-nightly-2024.3.1206-universal/tools/tla2tools.jar!/tla2sany/StandardModules/TLC.tla)
Parsing file /tmp/tlc-13409028676667380544/Naturals.tla (jar:file:/home/me/.vscode-oss/extensions/alygin.vscode-tlaplus-nightly-2024.3.1206-universal/tools/tla2tools.jar!/tla2sany/StandardModules/Naturals.tla)
Parsing file /tmp/tlc-13409028676667380544/Sequences.tla (jar:file:/home/me/.vscode-oss/extensions/alygin.vscode-tlaplus-nightly-2024.3.1206-universal/tools/tla2tools.jar!/tla2sany/StandardModules/Sequences.tla)
Parsing file /tmp/tlc-13409028676667380544/FiniteSets.tla (jar:file:/home/me/.vscode-oss/extensions/alygin.vscode-tlaplus-nightly-2024.3.1206-universal/tools/tla2tools.jar!/tla2sany/StandardModules/FiniteSets.tla)
Semantic processing of module Naturals
Semantic processing of module Sequences
Semantic processing of module FiniteSets
Semantic processing of module TLC
Semantic processing of module Type
Semantic processing of module TypeMC
@!@!@STARTMSG 2219:0 @!@!@
SANY finished.
@!@!@ENDMSG 2219 @!@!@
@!@!@STARTMSG 2185:0 @!@!@
Starting... (2024-03-12 20:47:16)
@!@!@ENDMSG 2185 @!@!@
@!@!@STARTMSG 2230:1 @!@!@
The value of Spec is equal to TRUE
@!@!@ENDMSG 2230 @!@!@
@!@!@STARTMSG 2186:0 @!@!@
Finished in 255ms at (2024-03-12 20:47:16)
@!@!@ENDMSG 2186 @!@!@
